<?xml version="1.0" encoding="UTF-8"?>
<!-- Generated by org.testng.reporters.JUnitReportReporter -->
<testsuite skipped="0" hostname="LAPTOP-UI4SAG9M" name="tests.LoginTest" tests="1" failures="0" timestamp="2020-06-15T11:57:52 IST" time="4.496" errors="0">
  <testcase name="Login" time="4.496" classname="tests.LoginTest"/>
</testsuite> <!-- tests.LoginTest -->
