<?xml version="1.0" encoding="UTF-8"?>
<!-- Generated by org.testng.reporters.JUnitReportReporter -->
<testsuite skipped="0" hostname="LAPTOP-UI4SAG9M" name="tests.JobTest" tests="4" failures="0" timestamp="2020-06-15T12:07:38 IST" time="60.154" errors="0">
  <testcase name="Login" time="4.408" classname="tests.JobTest"/>
  <testcase name="Home" time="7.074" classname="tests.JobTest"/>
  <testcase name="profile" time="12.081" classname="tests.JobTest"/>
  <testcase name="jobs" time="36.591" classname="tests.JobTest"/>
</testsuite> <!-- tests.JobTest -->
